-------------------------------------------------------------------------------
Test set: ru.netology.geoLocal.GeoServiceImplByIpTest
-------------------------------------------------------------------------------
Tests run: 6, Failures: 4, Errors: 1, Skipped: 0, Time elapsed: 0.361 s <<< FAILURE! - in ru.netology.geoLocal.GeoServiceImplByIpTest
ru.netology.geoLocal.GeoServiceImplByIpTest.byIpTest(String, Location)[1]  Time elapsed: 0.104 s  <<< FAILURE!
org.opentest4j.AssertionFailedError: expected: <ru.netology.entity.Location@3754a4bf> but was: <ru.netology.entity.Location@131ef10>
	at ru.netology.geoLocal.GeoServiceImplByIpTest.byIpTest(GeoServiceImplByIpTest.java:48)

ru.netology.geoLocal.GeoServiceImplByIpTest.byIpTest(String, Location)[2]  Time elapsed: 0.003 s  <<< FAILURE!
org.opentest4j.AssertionFailedError: expected: <ru.netology.entity.Location@399c4be1> but was: <ru.netology.entity.Location@291caca8>
	at ru.netology.geoLocal.GeoServiceImplByIpTest.byIpTest(GeoServiceImplByIpTest.java:48)

ru.netology.geoLocal.GeoServiceImplByIpTest.byIpTest(String, Location)[3]  Time elapsed: 0.005 s  <<< FAILURE!
org.opentest4j.AssertionFailedError: expected: <ru.netology.entity.Location@385e9564> but was: <ru.netology.entity.Location@5b94b04d>
	at ru.netology.geoLocal.GeoServiceImplByIpTest.byIpTest(GeoServiceImplByIpTest.java:48)

ru.netology.geoLocal.GeoServiceImplByIpTest.byIpTest(String, Location)[4]  Time elapsed: 0.003 s  <<< FAILURE!
org.opentest4j.AssertionFailedError: expected: <ru.netology.entity.Location@8c3b9d> but was: <ru.netology.entity.Location@4c39bec8>
	at ru.netology.geoLocal.GeoServiceImplByIpTest.byIpTest(GeoServiceImplByIpTest.java:48)

ru.netology.geoLocal.GeoServiceImplByIpTest.byIpTest(String, Location)[5]  Time elapsed: 0.012 s  <<< ERROR!
org.junit.jupiter.api.extension.ParameterResolutionException: Error converting parameter at index 1: No implicit conversion to convert object of type java.lang.String to type ru.netology.entity.Location
Caused by: org.junit.jupiter.params.converter.ArgumentConversionException: No implicit conversion to convert object of type java.lang.String to type ru.netology.entity.Location

