<?xml version="1.0" encoding="UTF-8"?>
<testsuite xmlns:xsi="http://www.w3.org/2001/XMLSchema-instance" xsi:noNamespaceSchemaLocation="https://maven.apache.org/surefire/maven-surefire-plugin/xsd/surefire-test-report-3.0.xsd" version="3.0" name="ru.netology.geoLocal.GeoServiceImplByIpTest" time="0.361" tests="6" errors="1" skipped="0" failures="4">
  <properties>
[...]
</properties>
  <testcase name="byCoordinates" classname="ru.netology.geoLocal.GeoServiceImplByIpTest" time="0.049">
    <system-out><![CDATA[Before all
Before each test
After each test
]]></system-out>
  </testcase>
  <testcase name="byIpTest(String, Location)[1]" classname="ru.netology.geoLocal.GeoServiceImplByIpTest" time="0.104">
    <failure type="org.opentest4j.AssertionFailedError"><![CDATA[org.opentest4j.AssertionFailedError: expected: <ru.netology.entity.Location@3754a4bf> but was: <ru.netology.entity.Location@131ef10>
	at ru.netology.geoLocal.GeoServiceImplByIpTest.byIpTest(GeoServiceImplByIpTest.java:48)
]]></failure>
    <system-out><![CDATA[Before each test
Test byIp with parameters
After each test
]]></system-out>
  </testcase>
  <testcase name="byIpTest(String, Location)[2]" classname="ru.netology.geoLocal.GeoServiceImplByIpTest" time="0.003">
    <failure type="org.opentest4j.AssertionFailedError"><![CDATA[org.opentest4j.AssertionFailedError: expected: <ru.netology.entity.Location@399c4be1> but was: <ru.netology.entity.Location@291caca8>
	at ru.netology.geoLocal.GeoServiceImplByIpTest.byIpTest(GeoServiceImplByIpTest.java:48)
]]></failure>
    <system-out><![CDATA[Before each test
Test byIp with parameters
After each test
]]></system-out>
  </testcase>
  <testcase name="byIpTest(String, Location)[3]" classname="ru.netology.geoLocal.GeoServiceImplByIpTest" time="0.005">
    <failure type="org.opentest4j.AssertionFailedError"><![CDATA[org.opentest4j.AssertionFailedError: expected: <ru.netology.entity.Location@385e9564> but was: <ru.netology.entity.Location@5b94b04d>
	at ru.netology.geoLocal.GeoServiceImplByIpTest.byIpTest(GeoServiceImplByIpTest.java:48)
]]></failure>
    <system-out><![CDATA[Before each test
Test byIp with parameters
After each test
]]></system-out>
  </testcase>
  <testcase name="byIpTest(String, Location)[4]" classname="ru.netology.geoLocal.GeoServiceImplByIpTest" time="0.003">
    <failure type="org.opentest4j.AssertionFailedError"><![CDATA[org.opentest4j.AssertionFailedError: expected: <ru.netology.entity.Location@8c3b9d> but was: <ru.netology.entity.Location@4c39bec8>
	at ru.netology.geoLocal.GeoServiceImplByIpTest.byIpTest(GeoServiceImplByIpTest.java:48)
]]></failure>
    <system-out><![CDATA[Before each test
Test byIp with parameters
After each test
]]></system-out>
  </testcase>
  <testcase name="byIpTest(String, Location)[5]" classname="ru.netology.geoLocal.GeoServiceImplByIpTest" time="0.012">
    <error type="org.junit.jupiter.api.extension.ParameterResolutionException"><![CDATA[org.junit.jupiter.api.extension.ParameterResolutionException: Error converting parameter at index 1: No implicit conversion to convert object of type java.lang.String to type ru.netology.entity.Location
Caused by: org.junit.jupiter.params.converter.ArgumentConversionException: No implicit conversion to convert object of type java.lang.String to type ru.netology.entity.Location
]]></error>
    <system-out><![CDATA[Before each test
After each test
]]></system-out>
  </testcase>
</testsuite>